<?xml version="1.0" encoding="UTF-8"?>
<!-- Generated by org.testng.reporters.JUnitReportReporter -->
<testsuite hostname="NafizLaptop" failures="0" tests="1" name="com.dvops.maven.eclipse.NewTest" time="0.005" errors="0" timestamp="2023-02-08T09:38:03 SGT" skipped="0">
  <testcase classname="com.dvops.maven.eclipse.NewTest" name="f" time="0.005"/>
</testsuite> <!-- com.dvops.maven.eclipse.NewTest -->
